<?xml version="1.0" encoding="utf-8"?><testsuites><testsuite name="pytest" errors="0" failures="0" skipped="0" tests="4" time="0.126" timestamp="2021-10-08T12:36:07.658520" hostname="LAPTOP-FCD3VP26"><testcase classname="test_calc" name="test_addition" time="0.004" /><testcase classname="test_calc" name="test_subtraction" time="0.004" /><testcase classname="test_calc" name="test_multiplication" time="0.002" /><testcase classname="test_calc" name="test_division" time="0.004" /></testsuite></testsuites>